<?xml version="1.0" encoding="UTF-8"?>
<testng-results skipped="0" failed="0" total="1" passed="1">
  <reporter-output>
  </reporter-output>
  <suite name="Default suite" duration-ms="95" started-at="2021-08-03T07:22:46Z" finished-at="2021-08-03T07:22:46Z">
    <groups>
    </groups>
    <test name="Default test" duration-ms="95" started-at="2021-08-03T07:22:46Z" finished-at="2021-08-03T07:22:46Z">
      <class name="org.Test.Annotation">
        <test-method status="PASS" signature="test()[pri:0, instance:org.Test.Annotation@7ac7a4e4]" name="test" duration-ms="28" started-at="2021-08-03T12:52:46Z" finished-at="2021-08-03T12:52:46Z">
          <reporter-output>
          </reporter-output>
        </test-method> <!-- test -->
      </class> <!-- org.Test.Annotation -->
    </test> <!-- Default test -->
  </suite> <!-- Default suite -->
</testng-results>
